<?xml version="1.0" encoding="UTF-8"?>
<!-- Generated by org.testng.reporters.JUnitReportReporter -->
<testsuite hostname="MSI" failures="0" tests="1" name="test.LogoutTestCase" time="11.546" errors="0" timestamp="24 Jan 2024 09:03:01 GMT" skipped="0">
  <testcase classname="test.LogoutTestCase" name="verifyLogout" time="11.546"/>
</testsuite> <!-- test.LogoutTestCase -->
