<?xml version="1.0" encoding="UTF-8"?>
<!-- Generated by org.testng.reporters.JUnitReportReporter -->
<testsuite hostname="MSI" failures="0" tests="1" name="test.TopicCoveredTestCase" time="7.361" errors="0" timestamp="24 Jan 2024 10:03:00 GMT" skipped="0">
  <testcase classname="test.TopicCoveredTestCase" name="verifyDashboard_TopicCover" time="7.361"/>
</testsuite> <!-- test.TopicCoveredTestCase -->
