<?xml version="1.0" encoding="UTF-8"?>
<!-- Generated by org.testng.reporters.JUnitReportReporter -->
<testsuite hostname="MSI" failures="0" tests="1" name="test.UpdateTestCases" time="9.204" errors="0" timestamp="24 Jan 2024 10:04:29 GMT" skipped="0">
  <testcase classname="test.UpdateTestCases" name="verifyUpdateProfile" time="9.204"/>
</testsuite> <!-- test.UpdateTestCases -->
