<?xml version="1.0" encoding="UTF-8"?>
<!-- Generated by org.testng.reporters.JUnitReportReporter -->
<testsuite hostname="MSI" failures="0" tests="1" name="test.TimelineTestCase" time="11.333" errors="0" timestamp="24 Jan 2024 10:01:25 GMT" skipped="0">
  <testcase classname="test.TimelineTestCase" name="verifyDashboard_Timeline" time="11.333"/>
</testsuite> <!-- test.TimelineTestCase -->
