<?xml version="1.0" encoding="UTF-8"?>
<!-- Generated by org.testng.reporters.JUnitReportReporter -->
<testsuite hostname="MSI" failures="0" tests="1" name="test.FailedAttemptTestCase" time="7.673" errors="0" timestamp="24 Jan 2024 06:36:39 GMT" skipped="0">
  <testcase classname="test.FailedAttemptTestCase" name="verifyDashboard_FailedAttempt" time="7.673"/>
</testsuite> <!-- test.FailedAttemptTestCase -->
