<?xml version="1.0" encoding="UTF-8"?>
<!-- Generated by org.testng.reporters.JUnitReportReporter -->
<testsuite hostname="MSI" failures="0" tests="3" name="test.ContactUsTestCase" time="13.566" errors="0" timestamp="24 Jan 2024 06:29:07 GMT" skipped="2">
  <testcase classname="test.ContactUsTestCase" name="verify_ContactUs_BlankEmailField" time="13.566"/>
  <testcase classname="test.ContactUsTestCase" name="verify_ContactUs">
    <skipped/>
  </testcase> <!-- verify_ContactUs -->
  <testcase classname="test.ContactUsTestCase" name="verify_ContactUs_InvalidEmailField">
    <skipped/>
  </testcase> <!-- verify_ContactUs_InvalidEmailField -->
</testsuite> <!-- test.ContactUsTestCase -->
