<?xml version="1.0" encoding="UTF-8"?>
<!-- Generated by org.testng.reporters.JUnitReportReporter -->
<testsuite hostname="MSI" failures="0" tests="1" name="test.ViewAnswerTestCase" time="14.815" errors="0" timestamp="24 Jan 2024 10:06:40 GMT" skipped="0">
  <testcase classname="test.ViewAnswerTestCase" name="verify_ViewAnswer" time="14.815"/>
</testsuite> <!-- test.ViewAnswerTestCase -->
