<?xml version="1.0" encoding="UTF-8"?>
<!-- Generated by org.testng.reporters.JUnitReportReporter -->
<testsuite hostname="MSI" failures="0" tests="1" name="test.GoodScoreTestCase" time="7.122" errors="0" timestamp="24 Jan 2024 06:47:07 GMT" skipped="0">
  <testcase classname="test.GoodScoreTestCase" name="verifyDashboard_GoodScore" time="7.122"/>
</testsuite> <!-- test.GoodScoreTestCase -->
