<?xml version="1.0" encoding="UTF-8"?>
<!-- Generated by org.testng.reporters.JUnitReportReporter -->
<testsuite hostname="MSI" failures="0" tests="1" name="test.TakeQuizAgainTestCase" time="12.337" errors="0" timestamp="24 Jan 2024 09:58:47 GMT" skipped="0">
  <testcase classname="test.TakeQuizAgainTestCase" name="verify_TakeQuizAgain" time="12.337"/>
</testsuite> <!-- test.TakeQuizAgainTestCase -->
