<?xml version="1.0" encoding="UTF-8"?>
<!-- Generated by org.testng.reporters.JUnitReportReporter -->
<testsuite hostname="MSI" failures="0" tests="1" name="test.TestAttempTestCase" time="7.453" errors="0" timestamp="24 Jan 2024 09:59:43 GMT" skipped="0">
  <testcase classname="test.TestAttempTestCase" name="verifyDashboard_TestAttempt" time="7.453"/>
</testsuite> <!-- test.TestAttempTestCase -->
