<?xml version="1.0" encoding="UTF-8"?>
<!-- Generated by org.testng.reporters.JUnitReportReporter -->
<testsuite hostname="MSI" failures="0" tests="1" name="test.ContributeTestCase" time="6.533" errors="0" timestamp="24 Jan 2024 11:09:24 GMT" skipped="0">
  <testcase classname="test.ContributeTestCase" name="verify_ContributeMenu" time="6.533"/>
</testsuite> <!-- test.ContributeTestCase -->
