<?xml version="1.0" encoding="UTF-8"?>
<!-- Generated by org.testng.reporters.JUnitReportReporter -->
<testsuite hostname="MSI" failures="0" tests="3" name="test.LoginTestCase" time="10.041" errors="0" timestamp="24 Jan 2024 06:18:46 GMT" skipped="1">
  <testcase classname="test.LoginTestCase" name="verify_InvalidMobileNumberRange" time="5.060"/>
  <testcase classname="test.LoginTestCase" name="verify_NotRegisterMobileNumber" time="4.981"/>
  <testcase classname="test.LoginTestCase" name="verifyLogin">
    <skipped/>
  </testcase> <!-- verifyLogin -->
</testsuite> <!-- test.LoginTestCase -->
