<?xml version="1.0" encoding="UTF-8"?>
<!-- Generated by org.testng.reporters.JUnitReportReporter -->
<testsuite hostname="MSI" failures="0" tests="1" name="test.ServicePolicyTestCase" time="4.889" errors="0" timestamp="24 Jan 2024 09:05:05 GMT" skipped="0">
  <testcase classname="test.ServicePolicyTestCase" name="verifyPolicy" time="4.889"/>
</testsuite> <!-- test.ServicePolicyTestCase -->
