<?xml version="1.0" encoding="UTF-8"?>
<!-- Generated by org.testng.reporters.JUnitReportReporter -->
<testsuite hostname="MSI" failures="0" tests="1" name="test.JBKCoursesTestCase" time="8.131" errors="0" timestamp="24 Jan 2024 09:01:52 GMT" skipped="0">
  <testcase classname="test.JBKCoursesTestCase" name="verify_JBKCourseLink" time="8.131"/>
</testsuite> <!-- test.JBKCoursesTestCase -->
