<?xml version="1.0" encoding="UTF-8"?>
<!-- Generated by org.testng.reporters.JUnitReportReporter -->
<testsuite hostname="MSI" failures="0" tests="9" name="test.SignUpTestCase" time="5.479" errors="0" timestamp="24 Jan 2024 09:52:39 GMT" skipped="8">
  <testcase classname="test.SignUpTestCase" name="verify_SignUp_TermsCheckbox" time="5.479"/>
  <testcase classname="test.SignUpTestCase" name="verify_SignUp_ExistingEmail">
    <skipped/>
  </testcase> <!-- verify_SignUp_ExistingEmail -->
  <testcase classname="test.SignUpTestCase" name="verify_SignUp_BlankMobileNumber">
    <skipped/>
  </testcase> <!-- verify_SignUp_BlankMobileNumber -->
  <testcase classname="test.SignUpTestCase" name="verify_SignUp_BlankName">
    <skipped/>
  </testcase> <!-- verify_SignUp_BlankName -->
  <testcase classname="test.SignUpTestCase" name="verifySignUp">
    <skipped/>
  </testcase> <!-- verifySignUp -->
  <testcase classname="test.SignUpTestCase" name="verify_SignUp_InvalidName">
    <skipped/>
  </testcase> <!-- verify_SignUp_InvalidName -->
  <testcase classname="test.SignUpTestCase" name="verify_SignUp_InvalidNameRange">
    <skipped/>
  </testcase> <!-- verify_SignUp_InvalidNameRange -->
  <testcase classname="test.SignUpTestCase" name="verify_SignUp_InvalidMobileNumberChar">
    <skipped/>
  </testcase> <!-- verify_SignUp_InvalidMobileNumberChar -->
  <testcase classname="test.SignUpTestCase" name="verify_SignUp_InvalidEmail">
    <skipped/>
  </testcase> <!-- verify_SignUp_InvalidEmail -->
</testsuite> <!-- test.SignUpTestCase -->
